<?xml version="1.0" encoding="UTF-8"?>
<!-- Generated by org.testng.reporters.JUnitReportReporter -->
<testsuite hostname="DESKTOP-QRMDR1F" name="vodafone.scripts.HomePageTestCase" tests="1" failures="0" timestamp="7 Nov 2019 08:51:49 GMT" time="6.342" errors="0">
  <testcase name="HomePage" time="6.342" classname="vodafone.scripts.HomePageTestCase"/>
</testsuite> <!-- vodafone.scripts.HomePageTestCase -->
