<?xml version="1.0" encoding="UTF-8"?>
<!-- Generated by org.testng.reporters.JUnitReportReporter -->
<testsuite hostname="DESKTOP-QRMDR1F" name="vodafone.scripts.ViewallPageTestCase" tests="1" failures="0" timestamp="13 Jul 2020 12:01:34 GMT" time="118.387" errors="0">
  <testcase name="ViewallPage" time="118.387" classname="vodafone.scripts.ViewallPageTestCase"/>
</testsuite> <!-- vodafone.scripts.ViewallPageTestCase -->
