<?xml version="1.0" encoding="UTF-8"?>
<!-- Generated by org.testng.reporters.JUnitReportReporter -->
<testsuite hostname="DESKTOP-QRMDR1F" name="vodafone.scripts.LoginorSignUpCase" tests="1" failures="0" timestamp="8 Sep 2020 03:50:14 GMT" time="257.685" errors="0">
  <testcase name="LoginPage" time="257.685" classname="vodafone.scripts.LoginorSignUpCase"/>
</testsuite> <!-- vodafone.scripts.LoginorSignUpCase -->
