<?xml version="1.0" encoding="UTF-8"?>
<!-- Generated by org.testng.reporters.JUnitReportReporter -->
<testsuite hostname="DESKTOP-QRMDR1F" name="vodafone.scripts.ContinueWatchingTestCase" tests="1" failures="0" timestamp="27 Jul 2020 19:45:20 GMT" time="10.877" errors="0">
  <testcase name="ContinueWatching" time="10.877" classname="vodafone.scripts.ContinueWatchingTestCase"/>
</testsuite> <!-- vodafone.scripts.ContinueWatchingTestCase -->
