<?xml version="1.0" encoding="UTF-8"?>
<!-- Generated by org.testng.reporters.JUnitReportReporter -->
<testsuite hostname="DESKTOP-QRMDR1F" name="vodafone.scripts.Dummycase" tests="1" failures="0" timestamp="17 Sep 2020 11:36:20 GMT" time="172.179" errors="0">
  <testcase name="Dummylogin" time="172.179" classname="vodafone.scripts.Dummycase"/>
</testsuite> <!-- vodafone.scripts.Dummycase -->
