<?xml version="1.0" encoding="UTF-8"?>
<!-- Generated by org.testng.reporters.JUnitReportReporter -->
<testsuite hostname="DESKTOP-QRMDR1F" name="vodafone.scripts.DownloadPageTestCase" tests="1" failures="0" timestamp="18 Nov 2019 16:19:03 GMT" time="14.672" errors="0">
  <testcase name="DownloadPage" time="14.672" classname="vodafone.scripts.DownloadPageTestCase"/>
</testsuite> <!-- vodafone.scripts.DownloadPageTestCase -->
